2025-09-03T20:24:16.759091100 : Usuário tentou logar.
2025-09-03T20:24:16.759091100 : Consulta ao banco de dados realizada.
2025-09-03T20:24:16.759091100 : Botão clicado na interface.
2025-09-03T20:24:16.779710400 : Mensagem na thread :TH2 - 0
2025-09-03T20:24:16.779710400 : Mensagem na thread :Th1 - 0
2025-09-03T20:24:16.869164400 : Mensagem na thread :TH2 - 1
2025-09-03T20:24:16.883458300 : Mensagem na thread :Th1 - 1
2025-09-03T20:24:16.956242500 : Mensagem na thread :TH2 - 2
2025-09-03T20:24:16.984608600 : Mensagem na thread :Th1 - 2
2025-09-03T20:24:17.042304200 : Mensagem na thread :TH2 - 3
2025-09-03T20:24:17.085936200 : Mensagem na thread :Th1 - 3
2025-09-03T20:24:17.132004400 : Mensagem na thread :TH2 - 4
2025-09-03T20:24:17.187051700 : Mensagem na thread :Th1 - 4
2025-09-03T20:24:17.217514300 : Termminando tarefa 2 

2025-09-03T20:24:17.287618500 : Termminando tarefa 1 

2025-09-11T15:38:54.854873800 : Usuário tentou logar.
2025-09-11T15:38:54.866497600 : Consulta ao banco de dados realizada.
2025-09-11T15:38:54.867007400 : Botão clicado na interface.
2025-09-11T15:38:54.886509100 : Mensagem na thread :TH2 - 0
2025-09-11T15:38:54.886509100 : Mensagem na thread :Th1 - 0
2025-09-11T15:38:54.973269700 : Mensagem na thread :TH2 - 1
2025-09-11T15:38:54.989073600 : Mensagem na thread :Th1 - 1
2025-09-11T15:38:55.060252200 : Mensagem na thread :TH2 - 2
2025-09-11T15:38:55.090531 : Mensagem na thread :Th1 - 2
2025-09-11T15:38:55.146339500 : Mensagem na thread :TH2 - 3
2025-09-11T15:38:55.191665 : Mensagem na thread :Th1 - 3
2025-09-11T15:38:55.232790600 : Mensagem na thread :TH2 - 4
2025-09-11T15:38:55.293070600 : Mensagem na thread :Th1 - 4
2025-09-11T15:38:55.318251800 : Termminando tarefa 2 

2025-09-11T15:38:55.393518800 : Termminando tarefa 1 

