2025-09-03T20:24:16.759091100 : Usuário tentou logar.
2025-09-03T20:24:16.759091100 : Consulta ao banco de dados realizada.
2025-09-03T20:24:16.759091100 : Botão clicado na interface.
2025-09-03T20:24:17.289312400 : Iniciando tarefa 1
2025-09-03T20:24:17.289312400 : Iniciando tarefa 2
2025-09-03T20:24:17.290107700 : Mensagem na thread :TH1 - 0
2025-09-03T20:24:17.290107700 : Mensagem na thread :TH2 - 0
2025-09-03T20:24:17.390591500 : Mensagem na thread :TH1 - 1
2025-09-03T20:24:17.393120100 : Mensagem na thread :TH2 - 1
2025-09-03T20:24:17.496078700 : Mensagem na thread :TH1 - 2
2025-09-03T20:24:17.496078700 : Mensagem na thread :TH2 - 2
2025-09-03T20:24:17.596536800 : Mensagem na thread :TH1 - 3
2025-09-03T20:24:17.596536800 : Mensagem na thread :TH2 - 3
2025-09-03T20:24:17.701439 : Mensagem na thread :TH1 - 4
2025-09-03T20:24:17.701439 : Mensagem na thread :TH2 - 4
2025-09-03T20:24:17.806097800 : Terminando tarefa 1
2025-09-03T20:24:17.806097800 : Terminando tarefa 2
2025-09-11T15:38:54.874802100 : Usuário tentou logar.
2025-09-11T15:38:54.874802100 : Consulta ao banco de dados realizada.
2025-09-11T15:38:54.874802100 : Botão clicado na interface.
2025-09-11T15:38:55.399052600 : Iniciando tarefa 1
2025-09-11T15:38:55.399052600 : Iniciando tarefa 2
2025-09-11T15:38:55.400564900 : Mensagem na thread :TH1 - 0
2025-09-11T15:38:55.400564900 : Mensagem na thread :TH2 - 0
2025-09-11T15:38:55.487317200 : Mensagem na thread :TH2 - 1
2025-09-11T15:38:55.503596500 : Mensagem na thread :TH1 - 1
2025-09-11T15:38:55.573460200 : Mensagem na thread :TH2 - 2
2025-09-11T15:38:55.604060500 : Mensagem na thread :TH1 - 2
2025-09-11T15:38:55.659761600 : Mensagem na thread :TH2 - 3
2025-09-11T15:38:55.706640400 : Mensagem na thread :TH1 - 3
2025-09-11T15:38:55.745258800 : Mensagem na thread :TH2 - 4
2025-09-11T15:38:55.807756400 : Mensagem na thread :TH1 - 4
2025-09-11T15:38:55.831525500 : Terminando tarefa 2
2025-09-11T15:38:55.908767900 : Terminando tarefa 1
